Name                                                                                                                        Stmts   Miss  Cover   Missing
---------------------------------------------------------------------------------------------------------------------------------------------------------
/Users/sboogert/Dropbox (Royal Holloway)/Physics/coderepos/pyg4ometry/pyg4ometry/__init__.py                                    9      0   100%
/Users/sboogert/Dropbox (Royal Holloway)/Physics/coderepos/pyg4ometry/pyg4ometry/exceptions.py                                 22      0   100%
/Users/sboogert/Dropbox (Royal Holloway)/Physics/coderepos/pyg4ometry/pyg4ometry/freecad/Reader.py                            395    180    54%   23, 35-42, 45-53, 57-83, 87-88, 91-99, 123-124, 131, 148-149, 227, 254-256, 264, 269-286, 289-290, 294-299, 303-375, 379-392, 395-422, 426-461, 464-467, 553-554, 558-559
/Users/sboogert/Dropbox (Royal Holloway)/Physics/coderepos/pyg4ometry/pyg4ometry/freecad/__init__.py                            4      2    50%   3-4
/Users/sboogert/Dropbox (Royal Holloway)/Physics/coderepos/pyg4ometry/pyg4ometry/gdml/Defines.py                              342      3    99%   194-195, 792
/Users/sboogert/Dropbox (Royal Holloway)/Physics/coderepos/pyg4ometry/pyg4ometry/gdml/Expression/GdmlExpressionEval.py        115     14    88%   26-28, 58-59, 73, 101, 154-162
/Users/sboogert/Dropbox (Royal Holloway)/Physics/coderepos/pyg4ometry/pyg4ometry/gdml/Expression/GdmlExpressionLexer.py       140      0   100%
/Users/sboogert/Dropbox (Royal Holloway)/Physics/coderepos/pyg4ometry/pyg4ometry/gdml/Expression/GdmlExpressionParser.py      822    227    72%   138-139, 142-145, 149, 153, 156-157, 160-161, 164-167, 174-190, 200, 213, 216-217, 220-221, 227, 253-256, 269, 282, 285-286, 289-290, 296, 322-325, 340, 343, 346-347, 350-351, 354-357, 372, 376-379, 394, 397, 400-401, 404-405, 408-411, 426, 430-433, 446, 455, 458, 461-462, 465-466, 472, 490-501, 513, 531, 534-535, 538-539, 545, 583-588, 616, 623, 626, 629-630, 633-634, 640, 688-691, 706, 709-710, 713-714, 720, 733-736, 752, 756, 762, 768, 771, 774-775, 778-779, 785, 817-820, 835, 838, 841, 844-845, 848-849, 855, 870, 874-877, 892, 895-896, 899-900, 906, 919-922, 938, 944, 948, 951-954, 957, 960-961, 964-965, 971, 1003-1006, 1051, 1054-1055, 1058-1059, 1065, 1080, 1084-1087, 1095-1096, 1099, 1102, 1105, 1108, 1111-1112, 1115-1116, 1119-1122, 1129-1147
/Users/sboogert/Dropbox (Royal Holloway)/Physics/coderepos/pyg4ometry/pyg4ometry/gdml/Expression/GdmlExpressionVisitor.py      32     15    53%   10, 15, 20, 25, 30, 35, 40, 45, 50, 55, 60, 65, 70, 75, 80
/Users/sboogert/Dropbox (Royal Holloway)/Physics/coderepos/pyg4ometry/pyg4ometry/gdml/Expression/__init__.py                    1      0   100%
/Users/sboogert/Dropbox (Royal Holloway)/Physics/coderepos/pyg4ometry/pyg4ometry/gdml/Reader.py                              1327    131    90%   64, 211-212, 227, 241, 302, 370, 387, 396, 490-494, 531-532, 542-543, 549-550, 565-566, 626-627, 710-711, 715-716, 725-726, 748-749, 753-754, 763-764, 785-786, 790-791, 798-799, 803-804, 838-839, 843-844, 851-852, 856-857, 901-902, 916-917, 935-936, 1037-1038, 1042-1043, 1091-1092, 1096-1097, 1148-1149, 1155-1156, 1187-1191, 1197-1198, 1250-1254, 1261, 1301-1302, 1331-1334, 1472, 1476, 1490-1491, 1506, 1511, 1517-1518, 1523-1524, 1538, 1543, 1551, 1557-1558, 1562-1563, 1567-1568, 1574, 1579, 1588-1589, 1595, 1599, 1612, 1614, 1629, 1634, 1647, 1666, 1670, 1680, 1684, 1709, 1713, 1741, 1774-1775, 1781-1782, 1788-1789, 1795-1796
/Users/sboogert/Dropbox (Royal Holloway)/Physics/coderepos/pyg4ometry/pyg4ometry/gdml/Units.py                                  4      0   100%
/Users/sboogert/Dropbox (Royal Holloway)/Physics/coderepos/pyg4ometry/pyg4ometry/gdml/Writer.py                              1016     96    91%   100-124, 127-134, 137, 140, 143, 146, 149, 205, 243, 313, 347, 623-626, 650, 657-658, 667-670, 847-871, 890-925, 1284-1286
/Users/sboogert/Dropbox (Royal Holloway)/Physics/coderepos/pyg4ometry/pyg4ometry/gdml/__init__.py                               4      0   100%
/Users/sboogert/Dropbox (Royal Holloway)/Physics/coderepos/pyg4ometry/pyg4ometry/geant4/AssemblyVolume.py                      36     20    44%   30, 36, 39-61
/Users/sboogert/Dropbox (Royal Holloway)/Physics/coderepos/pyg4ometry/pyg4ometry/geant4/BorderSurface.py                       12      1    92%   15
/Users/sboogert/Dropbox (Royal Holloway)/Physics/coderepos/pyg4ometry/pyg4ometry/geant4/DivisionVolume.py                     406     43    89%   48, 97, 329, 342, 352, 398-402, 429, 445, 455, 502-506, 538, 546, 552, 556-586
/Users/sboogert/Dropbox (Royal Holloway)/Physics/coderepos/pyg4ometry/pyg4ometry/geant4/Expression.py                          36      8    78%   6-7, 32-36, 40, 49
/Users/sboogert/Dropbox (Royal Holloway)/Physics/coderepos/pyg4ometry/pyg4ometry/geant4/LogicalVolume.py                       95     35    63%   39, 56, 63-98, 101-102, 147-158
/Users/sboogert/Dropbox (Royal Holloway)/Physics/coderepos/pyg4ometry/pyg4ometry/geant4/Loop.py                                10     10     0%   1-15
/Users/sboogert/Dropbox (Royal Holloway)/Physics/coderepos/pyg4ometry/pyg4ometry/geant4/Material.py                           106     16    85%   35, 46, 131, 137, 145-147, 157, 171, 174, 188, 191, 205, 208, 213, 243, 254
/Users/sboogert/Dropbox (Royal Holloway)/Physics/coderepos/pyg4ometry/pyg4ometry/geant4/ParameterisedVolume.py                326     24    93%   392, 397, 400-430
/Users/sboogert/Dropbox (Royal Holloway)/Physics/coderepos/pyg4ometry/pyg4ometry/geant4/PhysicalVolume.py                      34      1    97%   54
/Users/sboogert/Dropbox (Royal Holloway)/Physics/coderepos/pyg4ometry/pyg4ometry/geant4/Registry.py                           205     90    56%   8-9, 61-70, 82-89, 108-115, 135, 137, 165-172, 185-191, 203-210, 245-270, 273-276, 280, 284-288, 292-303, 309-310
/Users/sboogert/Dropbox (Royal Holloway)/Physics/coderepos/pyg4ometry/pyg4ometry/geant4/ReplicaVolume.py                      110     33    70%   77-81, 105-109, 133, 136-166
/Users/sboogert/Dropbox (Royal Holloway)/Physics/coderepos/pyg4ometry/pyg4ometry/geant4/SkinSurface.py                         11      1    91%   14
/Users/sboogert/Dropbox (Royal Holloway)/Physics/coderepos/pyg4ometry/pyg4ometry/geant4/__init__.py                            12      0   100%
/Users/sboogert/Dropbox (Royal Holloway)/Physics/coderepos/pyg4ometry/pyg4ometry/geant4/solid/Box.py                           27      0   100%
/Users/sboogert/Dropbox (Royal Holloway)/Physics/coderepos/pyg4ometry/pyg4ometry/geant4/solid/Cons.py                          80     16    80%   62, 72, 84, 92, 101, 107, 110, 115, 118-126, 131, 137, 141, 146
/Users/sboogert/Dropbox (Royal Holloway)/Physics/coderepos/pyg4ometry/pyg4ometry/geant4/solid/CutTubs.py                       49      5    90%   49, 61, 77, 87, 92
/Users/sboogert/Dropbox (Royal Holloway)/Physics/coderepos/pyg4ometry/pyg4ometry/geant4/solid/Ellipsoid.py                     92     16    83%   55, 60, 68, 75, 97, 100, 107, 128, 130, 135, 138, 141, 148, 150-153
/Users/sboogert/Dropbox (Royal Holloway)/Physics/coderepos/pyg4ometry/pyg4ometry/geant4/solid/EllipticalCone.py                94     18    81%   37-41, 49-50, 57, 62, 65, 71-75, 86, 89-90, 117, 120, 127, 133, 138
/Users/sboogert/Dropbox (Royal Holloway)/Physics/coderepos/pyg4ometry/pyg4ometry/geant4/solid/EllipticalTube.py                87     13    85%   50, 61, 65, 72, 79, 87, 90-91, 118, 121, 128, 134, 139
/Users/sboogert/Dropbox (Royal Holloway)/Physics/coderepos/pyg4ometry/pyg4ometry/geant4/solid/ExtrudedSolid.py                 60     16    73%   41, 44-46, 52, 55, 58, 65, 70, 73, 76, 92, 99, 102, 123-128
/Users/sboogert/Dropbox (Royal Holloway)/Physics/coderepos/pyg4ometry/pyg4ometry/geant4/solid/GenericPolycone.py               43      9    79%   53, 57, 60, 64, 69, 77, 80-81, 90
/Users/sboogert/Dropbox (Royal Holloway)/Physics/coderepos/pyg4ometry/pyg4ometry/geant4/solid/GenericPolyhedra.py              45      0   100%
/Users/sboogert/Dropbox (Royal Holloway)/Physics/coderepos/pyg4ometry/pyg4ometry/geant4/solid/GenericTrap.py                   77      1    99%   66
/Users/sboogert/Dropbox (Royal Holloway)/Physics/coderepos/pyg4ometry/pyg4ometry/geant4/solid/Hype.py                         116     22    81%   60, 64, 68, 72, 76, 82, 84, 93, 95, 102, 116, 140, 146-147, 152-153, 158, 162, 170, 175-179
/Users/sboogert/Dropbox (Royal Holloway)/Physics/coderepos/pyg4ometry/pyg4ometry/geant4/solid/Intersection.py                  42      0   100%
/Users/sboogert/Dropbox (Royal Holloway)/Physics/coderepos/pyg4ometry/pyg4ometry/geant4/solid/Layer.py                         39     10    74%   29-32, 43-49
/Users/sboogert/Dropbox (Royal Holloway)/Physics/coderepos/pyg4ometry/pyg4ometry/geant4/solid/MultiUnion.py                    36      0   100%
/Users/sboogert/Dropbox (Royal Holloway)/Physics/coderepos/pyg4ometry/pyg4ometry/geant4/solid/OpticalSurface.py                19      2    89%   22, 25
/Users/sboogert/Dropbox (Royal Holloway)/Physics/coderepos/pyg4ometry/pyg4ometry/geant4/solid/Orb.py                           30      5    83%   41, 44, 47, 50, 58
/Users/sboogert/Dropbox (Royal Holloway)/Physics/coderepos/pyg4ometry/pyg4ometry/geant4/solid/Para.py                          46      5    89%   57, 68, 75, 81, 110
/Users/sboogert/Dropbox (Royal Holloway)/Physics/coderepos/pyg4ometry/pyg4ometry/geant4/solid/Paraboloid.py                    89     15    83%   49, 56, 63, 66, 72, 75, 79, 85, 88-94, 121, 124, 131, 137, 142
/Users/sboogert/Dropbox (Royal Holloway)/Physics/coderepos/pyg4ometry/pyg4ometry/geant4/solid/Plane.py                         26      0   100%
/Users/sboogert/Dropbox (Royal Holloway)/Physics/coderepos/pyg4ometry/pyg4ometry/geant4/solid/Polycone.py                     111     25    77%   61, 64, 70, 75, 79, 82, 86, 89, 93, 98, 103-106, 109, 122, 125, 131, 139, 146, 153, 156, 163, 167, 171, 176
/Users/sboogert/Dropbox (Royal Holloway)/Physics/coderepos/pyg4ometry/pyg4ometry/geant4/solid/Polyhedra.py                     45      8    82%   55, 64, 67, 71, 74, 80, 84, 95
/Users/sboogert/Dropbox (Royal Holloway)/Physics/coderepos/pyg4ometry/pyg4ometry/geant4/solid/Scaled.py                        26      1    96%   37
/Users/sboogert/Dropbox (Royal Holloway)/Physics/coderepos/pyg4ometry/pyg4ometry/geant4/solid/SolidBase.py                     15      0   100%
/Users/sboogert/Dropbox (Royal Holloway)/Physics/coderepos/pyg4ometry/pyg4ometry/geant4/solid/Sphere.py                        75     25    67%   61-64, 67-72, 81, 85, 92, 96, 99, 103-104, 108, 112, 115-116, 120, 123-125, 130, 133
/Users/sboogert/Dropbox (Royal Holloway)/Physics/coderepos/pyg4ometry/pyg4ometry/geant4/solid/Subtraction.py                   46      3    93%   60-61, 81
/Users/sboogert/Dropbox (Royal Holloway)/Physics/coderepos/pyg4ometry/pyg4ometry/geant4/solid/TessellatedSolid.py              66      1    98%   53
/Users/sboogert/Dropbox (Royal Holloway)/Physics/coderepos/pyg4ometry/pyg4ometry/geant4/solid/Tet.py                           42      6    86%   47-51, 70, 75, 87
/Users/sboogert/Dropbox (Royal Holloway)/Physics/coderepos/pyg4ometry/pyg4ometry/geant4/solid/Torus.py                         96     15    84%   60, 73, 79, 82, 87-88, 96, 106, 136, 140, 143-144, 150, 153, 156
/Users/sboogert/Dropbox (Royal Holloway)/Physics/coderepos/pyg4ometry/pyg4ometry/geant4/solid/Trap.py                         106     23    78%   73, 77, 82, 84, 88, 92, 102, 109, 115, 120-121, 129, 133, 137-138, 144, 146, 152, 154, 162, 164, 199-201
/Users/sboogert/Dropbox (Royal Holloway)/Physics/coderepos/pyg4ometry/pyg4ometry/geant4/solid/Trd.py                           32      3    91%   49, 55, 90
/Users/sboogert/Dropbox (Royal Holloway)/Physics/coderepos/pyg4ometry/pyg4ometry/geant4/solid/Tubs.py                          54      2    96%   84, 90
/Users/sboogert/Dropbox (Royal Holloway)/Physics/coderepos/pyg4ometry/pyg4ometry/geant4/solid/TwistedBox.py                    65     14    78%   61, 68-69, 74, 76, 80, 86, 88, 95, 101, 107, 109-113
/Users/sboogert/Dropbox (Royal Holloway)/Physics/coderepos/pyg4ometry/pyg4ometry/geant4/solid/TwistedSolid.py                  55      0   100%
/Users/sboogert/Dropbox (Royal Holloway)/Physics/coderepos/pyg4ometry/pyg4ometry/geant4/solid/TwistedTrap.py                   97     18    81%   74, 77-78, 81, 86, 89, 100, 106, 118, 121-124, 128, 140, 147-148, 153-154, 160
/Users/sboogert/Dropbox (Royal Holloway)/Physics/coderepos/pyg4ometry/pyg4ometry/geant4/solid/TwistedTrd.py                    75     14    81%   64, 73-75, 80, 86, 92, 98, 103, 107, 114, 120, 125, 130
/Users/sboogert/Dropbox (Royal Holloway)/Physics/coderepos/pyg4ometry/pyg4ometry/geant4/solid/TwistedTubs.py                  133     45    66%   55-58, 67-91, 97, 100, 104, 107, 110, 117, 123-127, 132, 143, 152, 155-156, 162, 168, 174-175, 180, 186, 190, 193, 199, 203, 206, 209-210
/Users/sboogert/Dropbox (Royal Holloway)/Physics/coderepos/pyg4ometry/pyg4ometry/geant4/solid/TwoVector.py                     50     18    64%   15-16, 19-24, 32, 40, 46, 55, 58, 61-64, 67-69
/Users/sboogert/Dropbox (Royal Holloway)/Physics/coderepos/pyg4ometry/pyg4ometry/geant4/solid/Union.py                         46      3    93%   61-62, 82
/Users/sboogert/Dropbox (Royal Holloway)/Physics/coderepos/pyg4ometry/pyg4ometry/geant4/solid/Wedge.py                         37      0   100%
/Users/sboogert/Dropbox (Royal Holloway)/Physics/coderepos/pyg4ometry/pyg4ometry/geant4/solid/__init__.py                      39      0   100%
/Users/sboogert/Dropbox (Royal Holloway)/Physics/coderepos/pyg4ometry/pyg4ometry/pycsg/__init__.py                              1      0   100%
/Users/sboogert/Dropbox (Royal Holloway)/Physics/coderepos/pyg4ometry/pyg4ometry/stl/Reader.py                                 45      0   100%
/Users/sboogert/Dropbox (Royal Holloway)/Physics/coderepos/pyg4ometry/pyg4ometry/stl/__init__.py                                1      0   100%
/Users/sboogert/Dropbox (Royal Holloway)/Physics/coderepos/pyg4ometry/pyg4ometry/transformation.py                            125     66    47%   38, 40, 49-69, 97, 99, 105-112, 164-194, 205-243, 251, 261, 271, 283-286
/Users/sboogert/Dropbox (Royal Holloway)/Physics/coderepos/pyg4ometry/pyg4ometry/visualisation/Convert.py                      43     43     0%   1-62
/Users/sboogert/Dropbox (Royal Holloway)/Physics/coderepos/pyg4ometry/pyg4ometry/visualisation/Mesh.py                         38      3    92%   30, 33, 36
/Users/sboogert/Dropbox (Royal Holloway)/Physics/coderepos/pyg4ometry/pyg4ometry/visualisation/VisualisationOptions.py          7      0   100%
/Users/sboogert/Dropbox (Royal Holloway)/Physics/coderepos/pyg4ometry/pyg4ometry/visualisation/VtkViewer.py                   186     28    85%   44-48, 51-52, 194-197, 216, 399-423
/Users/sboogert/Dropbox (Royal Holloway)/Physics/coderepos/pyg4ometry/pyg4ometry/visualisation/VtkViewer_old.py               179    179     0%   1-427
/Users/sboogert/Dropbox (Royal Holloway)/Physics/coderepos/pyg4ometry/pyg4ometry/visualisation/Writer.py                       21     21     0%   1-31
/Users/sboogert/Dropbox (Royal Holloway)/Physics/coderepos/pyg4ometry/pyg4ometry/visualisation/__init__.py                      3      0   100%
---------------------------------------------------------------------------------------------------------------------------------------------------------
TOTAL                                                                                                                        8689   1667    81%
